<?xml version="1.0" encoding="UTF-8"?>
<testng-results ignored="0" total="1" passed="1" failed="0" skipped="0">
  <reporter-output>
  </reporter-output>
  <suite started-at="2023-04-24T12:55:35 IST" name="Default suite" finished-at="2023-04-24T12:55:35 IST" duration-ms="30">
    <groups>
    </groups>
    <test started-at="2023-04-24T12:55:35 IST" name="Default test" finished-at="2023-04-24T12:55:35 IST" duration-ms="30">
      <class name="Practice.DemoTest">
        <test-method signature="method()[pri:0, instance:Practice.DemoTest@6e4784bc]" started-at="2023-04-24T12:55:35 IST" name="method" finished-at="2023-04-24T12:55:35 IST" duration-ms="7" status="PASS">
          <reporter-output>
          </reporter-output>
        </test-method> <!-- method -->
      </class> <!-- Practice.DemoTest -->
    </test> <!-- Default test -->
  </suite> <!-- Default suite -->
</testng-results>
