<?xml version="1.0" encoding="UTF-8"?>
<testng-results ignored="0" total="1" passed="1" failed="0" skipped="0">
  <reporter-output>
  </reporter-output>
  <suite started-at="2023-04-24T17:29:59 IST" name="Default suite" finished-at="2023-04-24T17:30:08 IST" duration-ms="8774">
    <groups>
    </groups>
    <test started-at="2023-04-24T17:29:59 IST" name="Default test" finished-at="2023-04-24T17:30:08 IST" duration-ms="8774">
      <class name="Practice.TestMethodCls">
        <test-method signature="validLogin()[pri:0, instance:Practice.TestMethodCls@353d0772]" started-at="2023-04-24T17:29:59 IST" name="validLogin" finished-at="2023-04-24T17:30:08 IST" duration-ms="8728" status="PASS">
          <reporter-output>
          </reporter-output>
        </test-method> <!-- validLogin -->
      </class> <!-- Practice.TestMethodCls -->
    </test> <!-- Default test -->
  </suite> <!-- Default suite -->
</testng-results>
